[0122/004510.779:ERROR:process_reader_win.cc(123)] NtOpenThread: {Acceso denegado} Un proceso ha solicitado acceso a un objeto, pero no se le han concedido esos derechos de acceso. (0xc0000022)
[0122/004513.064:ERROR:exception_snapshot_win.cc(99)] thread ID 1700 not found in process
[0122/004513.921:ERROR:process_reader_win.cc(123)] NtOpenThread: {Acceso denegado} Un proceso ha solicitado acceso a un objeto, pero no se le han concedido esos derechos de acceso. (0xc0000022)
[0122/004513.921:ERROR:exception_snapshot_win.cc(99)] thread ID 11912 not found in process
[0122/010220.157:ERROR:directory_reader_win.cc(43)] FindFirstFile: El sistema no puede encontrar la ruta especificada. (0x3)
[0122/011320.182:ERROR:directory_reader_win.cc(43)] FindFirstFile: El sistema no puede encontrar la ruta especificada. (0x3)
[0122/013204.878:ERROR:process_reader_win.cc(123)] NtOpenThread: {Acceso denegado} Un proceso ha solicitado acceso a un objeto, pero no se le han concedido esos derechos de acceso. (0xc0000022)
[0122/013205.030:ERROR:exception_snapshot_win.cc(99)] thread ID 24048 not found in process
[0122/013204.878:ERROR:process_reader_win.cc(123)] NtOpenThread: {Acceso denegado} Un proceso ha solicitado acceso a un objeto, pero no se le han concedido esos derechos de acceso. (0xc0000022)
[0122/013204.878:ERROR:process_reader_win.cc(123)] NtOpenThread: {Acceso denegado} Un proceso ha solicitado acceso a un objeto, pero no se le han concedido esos derechos de acceso. (0xc0000022)
[0122/013204.878:ERROR:process_reader_win.cc(123)] NtOpenThread: {Acceso denegado} Un proceso ha solicitado acceso a un objeto, pero no se le han concedido esos derechos de acceso. (0xc0000022)
[0122/013205.031:ERROR:exception_snapshot_win.cc(99)] thread ID 23780 not found in process
[0122/013205.031:ERROR:exception_snapshot_win.cc(99)] thread ID 24164 not found in process
[0122/013204.878:ERROR:process_reader_win.cc(123)] NtOpenThread: {Acceso denegado} Un proceso ha solicitado acceso a un objeto, pero no se le han concedido esos derechos de acceso. (0xc0000022)
[0122/013204.878:ERROR:process_reader_win.cc(123)] NtOpenThread: {Acceso denegado} Un proceso ha solicitado acceso a un objeto, pero no se le han concedido esos derechos de acceso. (0xc0000022)
[0122/013205.032:ERROR:exception_snapshot_win.cc(99)] thread ID 24124 not found in process
[0122/013205.032:ERROR:exception_snapshot_win.cc(99)] thread ID 24144 not found in process
[0122/013205.093:ERROR:process_reader_win.cc(123)] NtOpenThread: {Acceso denegado} Un proceso ha solicitado acceso a un objeto, pero no se le han concedido esos derechos de acceso. (0xc0000022)
[0122/013205.093:ERROR:exception_snapshot_win.cc(99)] thread ID 24156 not found in process
[0122/013206.129:ERROR:process_reader_win.cc(123)] NtOpenThread: {Acceso denegado} Un proceso ha solicitado acceso a un objeto, pero no se le han concedido esos derechos de acceso. (0xc0000022)
[0122/013206.129:ERROR:exception_snapshot_win.cc(99)] thread ID 23244 not found in process
[0122/013206.640:ERROR:process_reader_win.cc(123)] NtOpenThread: {Acceso denegado} Un proceso ha solicitado acceso a un objeto, pero no se le han concedido esos derechos de acceso. (0xc0000022)
[0122/013206.640:ERROR:exception_snapshot_win.cc(99)] thread ID 24052 not found in process
[0122/013208.223:ERROR:process_reader_win.cc(123)] NtOpenThread: {Acceso denegado} Un proceso ha solicitado acceso a un objeto, pero no se le han concedido esos derechos de acceso. (0xc0000022)
[0122/013208.223:ERROR:exception_snapshot_win.cc(99)] thread ID 22720 not found in process
[0122/022841.605:ERROR:directory_reader_win.cc(43)] FindFirstFile: El sistema no puede encontrar la ruta especificada. (0x3)
[0122/022912.402:ERROR:directory_reader_win.cc(43)] FindFirstFile: El sistema no puede encontrar la ruta especificada. (0x3)
[0122/023524.169:ERROR:process_reader_win.cc(123)] NtOpenThread: {Acceso denegado} Un proceso ha solicitado acceso a un objeto, pero no se le han concedido esos derechos de acceso. (0xc0000022)
[0122/023524.191:ERROR:exception_snapshot_win.cc(99)] thread ID 14156 not found in process
[0122/023524.170:ERROR:process_reader_win.cc(123)] NtOpenThread: {Acceso denegado} Un proceso ha solicitado acceso a un objeto, pero no se le han concedido esos derechos de acceso. (0xc0000022)
[0122/023524.191:ERROR:exception_snapshot_win.cc(99)] thread ID 15788 not found in process
[0122/023524.191:ERROR:process_reader_win.cc(123)] NtOpenThread: {Acceso denegado} Un proceso ha solicitado acceso a un objeto, pero no se le han concedido esos derechos de acceso. (0xc0000022)
[0122/023524.191:ERROR:exception_snapshot_win.cc(99)] thread ID 23148 not found in process
[0122/023524.210:ERROR:process_reader_win.cc(123)] NtOpenThread: {Acceso denegado} Un proceso ha solicitado acceso a un objeto, pero no se le han concedido esos derechos de acceso. (0xc0000022)
[0122/023524.210:ERROR:exception_snapshot_win.cc(99)] thread ID 576 not found in process
[0122/025123.048:ERROR:directory_reader_win.cc(43)] FindFirstFile: El sistema no puede encontrar la ruta especificada. (0x3)
[0122/025128.363:ERROR:process_reader_win.cc(151)] SuspendThread: Acceso denegado. (0x5)
[0122/025128.365:ERROR:process_reader_win.cc(151)] SuspendThread: Acceso denegado. (0x5)
[0122/025128.366:ERROR:process_reader_win.cc(151)] SuspendThread: Acceso denegado. (0x5)
[0122/025128.365:ERROR:process_reader_win.cc(151)] SuspendThread: Acceso denegado. (0x5)
[0122/025128.365:ERROR:process_reader_win.cc(151)] SuspendThread: Acceso denegado. (0x5)
[0122/025128.365:ERROR:process_reader_win.cc(123)] NtOpenThread: {Acceso denegado} Un proceso ha solicitado acceso a un objeto, pero no se le han concedido esos derechos de acceso. (0xc0000022)
[0122/025128.440:ERROR:exception_snapshot_win.cc(99)] thread ID 11852 not found in process
[0122/025128.423:ERROR:process_reader_win.cc(123)] NtOpenThread: {Acceso denegado} Un proceso ha solicitado acceso a un objeto, pero no se le han concedido esos derechos de acceso. (0xc0000022)
[0122/025128.440:ERROR:exception_snapshot_win.cc(99)] thread ID 12100 not found in process
[0122/025128.366:ERROR:process_reader_win.cc(123)] NtOpenThread: {Acceso denegado} Un proceso ha solicitado acceso a un objeto, pero no se le han concedido esos derechos de acceso. (0xc0000022)
[0122/025128.440:ERROR:exception_snapshot_win.cc(99)] thread ID 22760 not found in process
[0122/025128.367:ERROR:process_reader_win.cc(123)] NtOpenThread: {Acceso denegado} Un proceso ha solicitado acceso a un objeto, pero no se le han concedido esos derechos de acceso. (0xc0000022)
[0122/025128.441:ERROR:exception_snapshot_win.cc(99)] thread ID 22660 not found in process
[0122/025128.424:ERROR:process_reader_win.cc(123)] NtOpenThread: {Acceso denegado} Un proceso ha solicitado acceso a un objeto, pero no se le han concedido esos derechos de acceso. (0xc0000022)
[0122/025128.423:ERROR:process_reader_win.cc(123)] NtOpenThread: {Acceso denegado} Un proceso ha solicitado acceso a un objeto, pero no se le han concedido esos derechos de acceso. (0xc0000022)
[0122/025128.367:ERROR:process_reader_win.cc(123)] NtOpenThread: {Acceso denegado} Un proceso ha solicitado acceso a un objeto, pero no se le han concedido esos derechos de acceso. (0xc0000022)
[0122/025128.441:ERROR:exception_snapshot_win.cc(99)] thread ID 22552 not found in process
[0122/025128.441:ERROR:exception_snapshot_win.cc(99)] thread ID 22584 not found in process
[0122/025128.422:ERROR:process_reader_win.cc(123)] NtOpenThread: {Acceso denegado} Un proceso ha solicitado acceso a un objeto, pero no se le han concedido esos derechos de acceso. (0xc0000022)
[0122/025128.441:ERROR:exception_snapshot_win.cc(99)] thread ID 13456 not found in process
[0122/025128.441:ERROR:exception_snapshot_win.cc(99)] thread ID 17332 not found in process
[0122/025128.376:ERROR:process_reader_win.cc(123)] NtOpenThread: Se ha especificado un identificador de cliente no válido. (0xc000000b)
[0122/025128.423:ERROR:process_reader_win.cc(123)] NtOpenThread: {Acceso denegado} Un proceso ha solicitado acceso a un objeto, pero no se le han concedido esos derechos de acceso. (0xc0000022)
[0122/025128.441:ERROR:exception_snapshot_win.cc(99)] thread ID 14480 not found in process
[0122/025128.441:ERROR:process_reader_win.cc(123)] NtOpenThread: {Acceso denegado} Un proceso ha solicitado acceso a un objeto, pero no se le han concedido esos derechos de acceso. (0xc0000022)
[0122/025128.441:ERROR:exception_snapshot_win.cc(99)] thread ID 23324 not found in process
[0122/025631.177:ERROR:process_reader_win.cc(123)] NtOpenThread: {Acceso denegado} Un proceso ha solicitado acceso a un objeto, pero no se le han concedido esos derechos de acceso. (0xc0000022)
[0122/025631.181:ERROR:exception_snapshot_win.cc(99)] thread ID 18384 not found in process
[0122/025631.188:ERROR:process_reader_win.cc(123)] NtOpenThread: {Acceso denegado} Un proceso ha solicitado acceso a un objeto, pero no se le han concedido esos derechos de acceso. (0xc0000022)
[0122/025631.188:ERROR:exception_snapshot_win.cc(99)] thread ID 12864 not found in process
[0122/025631.207:ERROR:process_reader_win.cc(123)] NtOpenThread: {Acceso denegado} Un proceso ha solicitado acceso a un objeto, pero no se le han concedido esos derechos de acceso. (0xc0000022)
[0122/025631.207:ERROR:exception_snapshot_win.cc(99)] thread ID 19416 not found in process
[0122/025631.339:ERROR:process_reader_win.cc(123)] NtOpenThread: {Acceso denegado} Un proceso ha solicitado acceso a un objeto, pero no se le han concedido esos derechos de acceso. (0xc0000022)
[0122/025631.339:ERROR:exception_snapshot_win.cc(99)] thread ID 7880 not found in process
[0122/025952.947:ERROR:process_reader_win.cc(123)] NtOpenThread: {Acceso denegado} Un proceso ha solicitado acceso a un objeto, pero no se le han concedido esos derechos de acceso. (0xc0000022)
[0122/025952.949:ERROR:exception_snapshot_win.cc(99)] thread ID 24252 not found in process
[0122/025952.976:ERROR:process_reader_win.cc(123)] NtOpenThread: {Acceso denegado} Un proceso ha solicitado acceso a un objeto, pero no se le han concedido esos derechos de acceso. (0xc0000022)
[0122/025952.976:ERROR:exception_snapshot_win.cc(99)] thread ID 7612 not found in process
[0122/030725.027:ERROR:process_reader_win.cc(123)] NtOpenThread: {Acceso denegado} Un proceso ha solicitado acceso a un objeto, pero no se le han concedido esos derechos de acceso. (0xc0000022)
[0122/030725.029:ERROR:exception_snapshot_win.cc(99)] thread ID 22236 not found in process
[0122/030725.031:ERROR:process_reader_win.cc(151)] SuspendThread: Acceso denegado. (0x5)
[0122/030725.036:ERROR:process_reader_win.cc(123)] NtOpenThread: {Acceso denegado} Un proceso ha solicitado acceso a un objeto, pero no se le han concedido esos derechos de acceso. (0xc0000022)
[0122/030725.028:ERROR:process_reader_win.cc(123)] NtOpenThread: {Acceso denegado} Un proceso ha solicitado acceso a un objeto, pero no se le han concedido esos derechos de acceso. (0xc0000022)
[0122/030725.036:ERROR:exception_snapshot_win.cc(99)] thread ID 12264 not found in process
[0122/030725.036:ERROR:exception_snapshot_win.cc(99)] thread ID 11032 not found in process
[0122/030725.068:ERROR:process_reader_win.cc(123)] NtOpenThread: {Acceso denegado} Un proceso ha solicitado acceso a un objeto, pero no se le han concedido esos derechos de acceso. (0xc0000022)
[0122/030725.068:ERROR:process_reader_win.cc(123)] NtOpenThread: {Acceso denegado} Un proceso ha solicitado acceso a un objeto, pero no se le han concedido esos derechos de acceso. (0xc0000022)
[0122/030725.068:ERROR:exception_snapshot_win.cc(99)] thread ID 164 not found in process
[0122/030725.068:ERROR:exception_snapshot_win.cc(99)] thread ID 23648 not found in process
[0122/031036.835:ERROR:process_reader_win.cc(123)] NtOpenThread: {Acceso denegado} Un proceso ha solicitado acceso a un objeto, pero no se le han concedido esos derechos de acceso. (0xc0000022)
[0122/031036.839:ERROR:exception_snapshot_win.cc(99)] thread ID 21312 not found in process
[0122/031036.840:ERROR:process_reader_win.cc(123)] NtOpenThread: {Acceso denegado} Un proceso ha solicitado acceso a un objeto, pero no se le han concedido esos derechos de acceso. (0xc0000022)
[0122/031036.841:ERROR:exception_snapshot_win.cc(99)] thread ID 9092 not found in process
[0122/031036.842:ERROR:process_reader_win.cc(123)] NtOpenThread: {Acceso denegado} Un proceso ha solicitado acceso a un objeto, pero no se le han concedido esos derechos de acceso. (0xc0000022)
[0122/031036.845:ERROR:exception_snapshot_win.cc(99)] thread ID 23152 not found in process
[0122/031036.878:ERROR:process_reader_win.cc(123)] NtOpenThread: {Acceso denegado} Un proceso ha solicitado acceso a un objeto, pero no se le han concedido esos derechos de acceso. (0xc0000022)
[0122/031036.879:ERROR:exception_snapshot_win.cc(99)] thread ID 21336 not found in process
[0122/031036.900:ERROR:process_reader_win.cc(123)] NtOpenThread: {Acceso denegado} Un proceso ha solicitado acceso a un objeto, pero no se le han concedido esos derechos de acceso. (0xc0000022)
[0122/031036.900:ERROR:exception_snapshot_win.cc(99)] thread ID 23776 not found in process
[0122/031212.971:ERROR:process_reader_win.cc(123)] NtOpenThread: {Acceso denegado} Un proceso ha solicitado acceso a un objeto, pero no se le han concedido esos derechos de acceso. (0xc0000022)
[0122/031212.972:ERROR:exception_snapshot_win.cc(99)] thread ID 11680 not found in process
[0122/031212.996:ERROR:process_reader_win.cc(123)] NtOpenThread: {Acceso denegado} Un proceso ha solicitado acceso a un objeto, pero no se le han concedido esos derechos de acceso. (0xc0000022)
[0122/031212.996:ERROR:exception_snapshot_win.cc(99)] thread ID 9772 not found in process
[0122/031458.780:ERROR:process_reader_win.cc(123)] NtOpenThread: {Acceso denegado} Un proceso ha solicitado acceso a un objeto, pero no se le han concedido esos derechos de acceso. (0xc0000022)
[0122/031458.781:ERROR:exception_snapshot_win.cc(99)] thread ID 14184 not found in process
[0122/031458.803:ERROR:process_reader_win.cc(123)] NtOpenThread: {Acceso denegado} Un proceso ha solicitado acceso a un objeto, pero no se le han concedido esos derechos de acceso. (0xc0000022)
[0122/031458.804:ERROR:exception_snapshot_win.cc(99)] thread ID 22372 not found in process
[0122/031613.110:ERROR:process_reader_win.cc(151)] SuspendThread: Acceso denegado. (0x5)
[0122/031613.113:ERROR:process_reader_win.cc(123)] NtOpenThread: {Acceso denegado} Un proceso ha solicitado acceso a un objeto, pero no se le han concedido esos derechos de acceso. (0xc0000022)
[0122/031613.114:ERROR:exception_snapshot_win.cc(99)] thread ID 17588 not found in process
[0122/031613.133:ERROR:process_reader_win.cc(151)] SuspendThread: Acceso denegado. (0x5)
[0122/031613.133:ERROR:process_reader_win.cc(151)] SuspendThread: Acceso denegado. (0x5)
[0122/031613.133:ERROR:process_reader_win.cc(123)] NtOpenThread: {Acceso denegado} Un proceso ha solicitado acceso a un objeto, pero no se le han concedido esos derechos de acceso. (0xc0000022)
[0122/031613.133:ERROR:exception_snapshot_win.cc(99)] thread ID 12744 not found in process
[0122/032044.325:ERROR:process_reader_win.cc(151)] SuspendThread: Acceso denegado. (0x5)
[0122/032044.637:ERROR:process_reader_win.cc(151)] SuspendThread: Acceso denegado. (0x5)
[0122/032044.637:ERROR:process_reader_win.cc(123)] NtOpenThread: {Acceso denegado} Un proceso ha solicitado acceso a un objeto, pero no se le han concedido esos derechos de acceso. (0xc0000022)
[0122/032044.328:ERROR:process_reader_win.cc(123)] NtOpenThread: {Acceso denegado} Un proceso ha solicitado acceso a un objeto, pero no se le han concedido esos derechos de acceso. (0xc0000022)
[0122/032044.799:ERROR:exception_snapshot_win.cc(99)] thread ID 9288 not found in process
[0122/032044.799:ERROR:process_reader_win.cc(151)] SuspendThread: Acceso denegado. (0x5)
[0122/032044.799:ERROR:exception_snapshot_win.cc(99)] thread ID 1600 not found in process
[0122/032044.799:ERROR:process_reader_win.cc(151)] SuspendThread: Acceso denegado. (0x5)
[0122/032044.799:ERROR:process_reader_win.cc(151)] SuspendThread: Acceso denegado. (0x5)
[0122/032044.799:ERROR:process_reader_win.cc(123)] NtOpenThread: {Acceso denegado} Un proceso ha solicitado acceso a un objeto, pero no se le han concedido esos derechos de acceso. (0xc0000022)
[0122/032044.799:ERROR:exception_snapshot_win.cc(99)] thread ID 15232 not found in process
[0122/032044.799:ERROR:process_reader_win.cc(123)] NtOpenThread: {Acceso denegado} Un proceso ha solicitado acceso a un objeto, pero no se le han concedido esos derechos de acceso. (0xc0000022)
[0122/032044.799:ERROR:exception_snapshot_win.cc(99)] thread ID 21396 not found in process
[0122/032357.690:ERROR:process_reader_win.cc(123)] NtOpenThread: {Acceso denegado} Un proceso ha solicitado acceso a un objeto, pero no se le han concedido esos derechos de acceso. (0xc0000022)
[0122/032357.692:ERROR:exception_snapshot_win.cc(99)] thread ID 13104 not found in process
[0122/032357.726:ERROR:process_reader_win.cc(123)] NtOpenThread: {Acceso denegado} Un proceso ha solicitado acceso a un objeto, pero no se le han concedido esos derechos de acceso. (0xc0000022)
[0122/032357.726:ERROR:exception_snapshot_win.cc(99)] thread ID 20580 not found in process
[0122/032503.069:ERROR:process_reader_win.cc(123)] NtOpenThread: {Acceso denegado} Un proceso ha solicitado acceso a un objeto, pero no se le han concedido esos derechos de acceso. (0xc0000022)
[0122/032503.070:ERROR:exception_snapshot_win.cc(99)] thread ID 14624 not found in process
[0122/032503.095:ERROR:process_reader_win.cc(151)] SuspendThread: Acceso denegado. (0x5)
[0122/032503.095:ERROR:process_reader_win.cc(151)] SuspendThread: Acceso denegado. (0x5)
[0122/032503.095:ERROR:process_reader_win.cc(151)] SuspendThread: Acceso denegado. (0x5)
[0122/032503.095:ERROR:process_reader_win.cc(123)] NtOpenThread: {Acceso denegado} Un proceso ha solicitado acceso a un objeto, pero no se le han concedido esos derechos de acceso. (0xc0000022)
[0122/032503.095:ERROR:exception_snapshot_win.cc(99)] thread ID 14176 not found in process
[0122/032640.159:ERROR:process_reader_win.cc(123)] NtOpenThread: {Acceso denegado} Un proceso ha solicitado acceso a un objeto, pero no se le han concedido esos derechos de acceso. (0xc0000022)
[0122/032640.160:ERROR:exception_snapshot_win.cc(99)] thread ID 2644 not found in process
[0122/032640.189:ERROR:process_reader_win.cc(123)] NtOpenThread: {Acceso denegado} Un proceso ha solicitado acceso a un objeto, pero no se le han concedido esos derechos de acceso. (0xc0000022)
[0122/032640.189:ERROR:exception_snapshot_win.cc(99)] thread ID 5700 not found in process
[0122/033231.199:ERROR:process_reader_win.cc(123)] NtOpenThread: {Acceso denegado} Un proceso ha solicitado acceso a un objeto, pero no se le han concedido esos derechos de acceso. (0xc0000022)
[0122/033231.200:ERROR:exception_snapshot_win.cc(99)] thread ID 17736 not found in process
[0122/033231.221:ERROR:process_reader_win.cc(123)] NtOpenThread: {Acceso denegado} Un proceso ha solicitado acceso a un objeto, pero no se le han concedido esos derechos de acceso. (0xc0000022)
[0122/033231.221:ERROR:exception_snapshot_win.cc(99)] thread ID 23104 not found in process
[0122/033529.322:ERROR:process_reader_win.cc(151)] SuspendThread: Acceso denegado. (0x5)
[0122/033529.323:ERROR:process_reader_win.cc(151)] SuspendThread: Acceso denegado. (0x5)
[0122/033529.323:ERROR:process_reader_win.cc(151)] SuspendThread: Acceso denegado. (0x5)
[0122/033529.323:ERROR:process_reader_win.cc(151)] SuspendThread: Acceso denegado. (0x5)
[0122/033529.323:ERROR:process_reader_win.cc(123)] NtOpenThread: {Acceso denegado} Un proceso ha solicitado acceso a un objeto, pero no se le han concedido esos derechos de acceso. (0xc0000022)
[0122/033529.323:ERROR:exception_snapshot_win.cc(99)] thread ID 23420 not found in process
[0122/033529.334:ERROR:process_reader_win.cc(151)] SuspendThread: Acceso denegado. (0x5)
[0122/033529.334:ERROR:process_reader_win.cc(151)] SuspendThread: Acceso denegado. (0x5)
[0122/033529.334:ERROR:process_reader_win.cc(151)] SuspendThread: Acceso denegado. (0x5)
[0122/033529.334:ERROR:process_reader_win.cc(151)] SuspendThread: Acceso denegado. (0x5)
[0122/033529.334:ERROR:process_reader_win.cc(151)] SuspendThread: Acceso denegado. (0x5)
[0122/033529.334:ERROR:process_reader_win.cc(151)] SuspendThread: Acceso denegado. (0x5)
[0122/033529.334:ERROR:process_reader_win.cc(151)] SuspendThread: Acceso denegado. (0x5)
[0122/033529.334:ERROR:process_reader_win.cc(151)] SuspendThread: Acceso denegado. (0x5)
[0122/033529.334:ERROR:process_reader_win.cc(151)] SuspendThread: Acceso denegado. (0x5)
[0122/033529.334:ERROR:process_reader_win.cc(151)] SuspendThread: Acceso denegado. (0x5)
[0122/033529.334:ERROR:process_reader_win.cc(151)] SuspendThread: Acceso denegado. (0x5)
[0122/033529.334:ERROR:process_reader_win.cc(151)] SuspendThread: Acceso denegado. (0x5)
[0122/033529.334:ERROR:process_reader_win.cc(123)] NtOpenThread: {Acceso denegado} Un proceso ha solicitado acceso a un objeto, pero no se le han concedido esos derechos de acceso. (0xc0000022)
[0122/033529.334:ERROR:exception_snapshot_win.cc(99)] thread ID 2160 not found in process
[0122/231410.206:ERROR:process_reader_win.cc(123)] NtOpenThread: {Acceso denegado} Un proceso ha solicitado acceso a un objeto, pero no se le han concedido esos derechos de acceso. (0xc0000022)
[0122/231410.238:ERROR:exception_snapshot_win.cc(99)] thread ID 25052 not found in process
[0122/231410.224:ERROR:process_reader_win.cc(123)] NtOpenThread: {Acceso denegado} Un proceso ha solicitado acceso a un objeto, pero no se le han concedido esos derechos de acceso. (0xc0000022)
[0122/231410.238:ERROR:exception_snapshot_win.cc(99)] thread ID 18672 not found in process
[0122/233819.908:ERROR:process_reader_win.cc(151)] SuspendThread: Acceso denegado. (0x5)
[0122/233819.927:ERROR:process_reader_win.cc(123)] NtOpenThread: {Acceso denegado} Un proceso ha solicitado acceso a un objeto, pero no se le han concedido esos derechos de acceso. (0xc0000022)
[0122/233820.114:ERROR:process_reader_win.cc(123)] NtOpenThread: {Acceso denegado} Un proceso ha solicitado acceso a un objeto, pero no se le han concedido esos derechos de acceso. (0xc0000022)
[0122/233820.179:ERROR:exception_snapshot_win.cc(99)] thread ID 3260 not found in process
[0122/233820.179:ERROR:exception_snapshot_win.cc(99)] thread ID 13208 not found in process
[0122/234739.346:ERROR:process_reader_win.cc(123)] NtOpenThread: {Acceso denegado} Un proceso ha solicitado acceso a un objeto, pero no se le han concedido esos derechos de acceso. (0xc0000022)
[0122/234739.328:ERROR:process_reader_win.cc(123)] NtOpenThread: {Acceso denegado} Un proceso ha solicitado acceso a un objeto, pero no se le han concedido esos derechos de acceso. (0xc0000022)
[0122/234739.326:ERROR:process_reader_win.cc(123)] NtOpenThread: {Acceso denegado} Un proceso ha solicitado acceso a un objeto, pero no se le han concedido esos derechos de acceso. (0xc0000022)
[0122/234739.420:ERROR:exception_snapshot_win.cc(99)] thread ID 18456 not found in process
[0122/234739.420:ERROR:exception_snapshot_win.cc(99)] thread ID 29308 not found in process
[0122/234739.420:ERROR:exception_snapshot_win.cc(99)] thread ID 1108 not found in process
[0122/234942.052:ERROR:process_reader_win.cc(123)] NtOpenThread: {Acceso denegado} Un proceso ha solicitado acceso a un objeto, pero no se le han concedido esos derechos de acceso. (0xc0000022)
[0122/234942.053:ERROR:exception_snapshot_win.cc(99)] thread ID 20532 not found in process
[0122/234942.071:ERROR:process_reader_win.cc(151)] SuspendThread: Acceso denegado. (0x5)
[0122/234942.071:ERROR:process_reader_win.cc(123)] NtOpenThread: {Acceso denegado} Un proceso ha solicitado acceso a un objeto, pero no se le han concedido esos derechos de acceso. (0xc0000022)
[0122/234942.071:ERROR:exception_snapshot_win.cc(99)] thread ID 16564 not found in process
[0122/235046.280:ERROR:process_reader_win.cc(123)] NtOpenThread: {Acceso denegado} Un proceso ha solicitado acceso a un objeto, pero no se le han concedido esos derechos de acceso. (0xc0000022)
[0122/235046.281:ERROR:exception_snapshot_win.cc(99)] thread ID 14656 not found in process
[0122/235046.310:ERROR:process_reader_win.cc(123)] NtOpenThread: {Acceso denegado} Un proceso ha solicitado acceso a un objeto, pero no se le han concedido esos derechos de acceso. (0xc0000022)
[0122/235046.310:ERROR:exception_snapshot_win.cc(99)] thread ID 29868 not found in process
[0122/235657.162:ERROR:process_reader_win.cc(151)] SuspendThread: Acceso denegado. (0x5)
[0122/235657.166:ERROR:process_reader_win.cc(151)] SuspendThread: Acceso denegado. (0x5)
[0122/235657.575:ERROR:process_reader_win.cc(123)] NtOpenThread: {Acceso denegado} Un proceso ha solicitado acceso a un objeto, pero no se le han concedido esos derechos de acceso. (0xc0000022)
[0122/235657.773:ERROR:exception_snapshot_win.cc(99)] thread ID 30256 not found in process
[0122/235657.575:ERROR:process_reader_win.cc(123)] NtOpenThread: {Acceso denegado} Un proceso ha solicitado acceso a un objeto, pero no se le han concedido esos derechos de acceso. (0xc0000022)
[0122/235657.773:ERROR:exception_snapshot_win.cc(99)] thread ID 20472 not found in process
[0122/235657.999:ERROR:process_reader_win.cc(123)] NtOpenThread: {Acceso denegado} Un proceso ha solicitado acceso a un objeto, pero no se le han concedido esos derechos de acceso. (0xc0000022)
[0122/235657.999:ERROR:exception_snapshot_win.cc(99)] thread ID 13348 not found in process
[0122/235843.008:ERROR:process_reader_win.cc(123)] NtOpenThread: {Acceso denegado} Un proceso ha solicitado acceso a un objeto, pero no se le han concedido esos derechos de acceso. (0xc0000022)
[0122/235843.024:ERROR:process_reader_win.cc(151)] SuspendThread: Acceso denegado. (0x5)
[0122/235843.008:ERROR:process_reader_win.cc(123)] NtOpenThread: {Acceso denegado} Un proceso ha solicitado acceso a un objeto, pero no se le han concedido esos derechos de acceso. (0xc0000022)
[0122/235843.037:ERROR:exception_snapshot_win.cc(99)] thread ID 23368 not found in process
[0122/235843.037:ERROR:exception_snapshot_win.cc(99)] thread ID 21168 not found in process
[0122/235843.037:ERROR:process_reader_win.cc(123)] NtOpenThread: {Acceso denegado} Un proceso ha solicitado acceso a un objeto, pero no se le han concedido esos derechos de acceso. (0xc0000022)
[0122/235843.038:ERROR:exception_snapshot_win.cc(99)] thread ID 15140 not found in process
[0122/235932.595:ERROR:process_reader_win.cc(151)] SuspendThread: Acceso denegado. (0x5)
[0122/235932.596:ERROR:process_reader_win.cc(123)] NtOpenThread: {Acceso denegado} Un proceso ha solicitado acceso a un objeto, pero no se le han concedido esos derechos de acceso. (0xc0000022)
[0122/235932.597:ERROR:exception_snapshot_win.cc(99)] thread ID 21796 not found in process
[0122/235932.615:ERROR:process_reader_win.cc(151)] SuspendThread: Acceso denegado. (0x5)
[0122/235932.616:ERROR:process_reader_win.cc(123)] NtOpenThread: {Acceso denegado} Un proceso ha solicitado acceso a un objeto, pero no se le han concedido esos derechos de acceso. (0xc0000022)
[0122/235932.616:ERROR:exception_snapshot_win.cc(99)] thread ID 20708 not found in process
[0123/000105.293:ERROR:process_reader_win.cc(151)] SuspendThread: Acceso denegado. (0x5)
[0123/000105.294:ERROR:process_reader_win.cc(123)] NtOpenThread: {Acceso denegado} Un proceso ha solicitado acceso a un objeto, pero no se le han concedido esos derechos de acceso. (0xc0000022)
[0123/000105.295:ERROR:exception_snapshot_win.cc(99)] thread ID 8728 not found in process
[0123/000105.296:ERROR:process_reader_win.cc(151)] SuspendThread: Acceso denegado. (0x5)
[0123/000105.296:ERROR:process_reader_win.cc(123)] NtOpenThread: {Acceso denegado} Un proceso ha solicitado acceso a un objeto, pero no se le han concedido esos derechos de acceso. (0xc0000022)
[0123/000105.296:ERROR:exception_snapshot_win.cc(99)] thread ID 27208 not found in process
[0123/000105.314:ERROR:process_reader_win.cc(151)] SuspendThread: Acceso denegado. (0x5)
[0123/000105.314:ERROR:process_reader_win.cc(123)] NtOpenThread: {Acceso denegado} Un proceso ha solicitado acceso a un objeto, pero no se le han concedido esos derechos de acceso. (0xc0000022)
[0123/000105.314:ERROR:exception_snapshot_win.cc(99)] thread ID 21776 not found in process
[0123/000307.673:ERROR:process_reader_win.cc(151)] SuspendThread: Acceso denegado. (0x5)
[0123/000307.674:ERROR:process_reader_win.cc(123)] NtOpenThread: {Acceso denegado} Un proceso ha solicitado acceso a un objeto, pero no se le han concedido esos derechos de acceso. (0xc0000022)
[0123/000307.676:ERROR:exception_snapshot_win.cc(99)] thread ID 31440 not found in process
[0123/000307.681:ERROR:process_reader_win.cc(123)] NtOpenThread: {Acceso denegado} Un proceso ha solicitado acceso a un objeto, pero no se le han concedido esos derechos de acceso. (0xc0000022)
[0123/000307.681:ERROR:exception_snapshot_win.cc(99)] thread ID 3224 not found in process
[0123/000307.697:ERROR:process_reader_win.cc(123)] NtOpenThread: {Acceso denegado} Un proceso ha solicitado acceso a un objeto, pero no se le han concedido esos derechos de acceso. (0xc0000022)
[0123/000307.697:ERROR:exception_snapshot_win.cc(99)] thread ID 22132 not found in process
[0123/001033.868:ERROR:process_reader_win.cc(123)] NtOpenThread: {Acceso denegado} Un proceso ha solicitado acceso a un objeto, pero no se le han concedido esos derechos de acceso. (0xc0000022)
[0123/001034.154:ERROR:exception_snapshot_win.cc(99)] thread ID 27940 not found in process
[0123/001034.314:ERROR:process_reader_win.cc(123)] NtOpenThread: {Acceso denegado} Un proceso ha solicitado acceso a un objeto, pero no se le han concedido esos derechos de acceso. (0xc0000022)
[0123/001034.314:ERROR:exception_snapshot_win.cc(99)] thread ID 21388 not found in process
[0123/001314.699:ERROR:process_reader_win.cc(123)] NtOpenThread: {Acceso denegado} Un proceso ha solicitado acceso a un objeto, pero no se le han concedido esos derechos de acceso. (0xc0000022)
[0123/001314.700:ERROR:exception_snapshot_win.cc(99)] thread ID 23376 not found in process
[0123/001314.702:ERROR:process_reader_win.cc(151)] SuspendThread: Acceso denegado. (0x5)
[0123/001314.702:ERROR:process_reader_win.cc(123)] NtOpenThread: {Acceso denegado} Un proceso ha solicitado acceso a un objeto, pero no se le han concedido esos derechos de acceso. (0xc0000022)
[0123/001314.702:ERROR:exception_snapshot_win.cc(99)] thread ID 22620 not found in process
[0123/001314.723:ERROR:process_reader_win.cc(123)] NtOpenThread: {Acceso denegado} Un proceso ha solicitado acceso a un objeto, pero no se le han concedido esos derechos de acceso. (0xc0000022)
[0123/001314.723:ERROR:exception_snapshot_win.cc(99)] thread ID 6972 not found in process
[0123/001636.600:ERROR:process_reader_win.cc(123)] NtOpenThread: {Acceso denegado} Un proceso ha solicitado acceso a un objeto, pero no se le han concedido esos derechos de acceso. (0xc0000022)
[0123/001636.600:ERROR:process_reader_win.cc(123)] NtOpenThread: {Acceso denegado} Un proceso ha solicitado acceso a un objeto, pero no se le han concedido esos derechos de acceso. (0xc0000022)
[0123/001636.700:ERROR:exception_snapshot_win.cc(99)] thread ID 25100 not found in process
[0123/001636.600:ERROR:process_reader_win.cc(123)] NtOpenThread: {Acceso denegado} Un proceso ha solicitado acceso a un objeto, pero no se le han concedido esos derechos de acceso. (0xc0000022)
[0123/001636.700:ERROR:exception_snapshot_win.cc(99)] thread ID 12812 not found in process
[0123/001636.700:ERROR:exception_snapshot_win.cc(99)] thread ID 11816 not found in process
[0123/001637.151:ERROR:process_reader_win.cc(123)] NtOpenThread: {Acceso denegado} Un proceso ha solicitado acceso a un objeto, pero no se le han concedido esos derechos de acceso. (0xc0000022)
[0123/001637.151:ERROR:exception_snapshot_win.cc(99)] thread ID 31104 not found in process
[0123/001637.152:ERROR:process_reader_win.cc(151)] SuspendThread: Acceso denegado. (0x5)
[0123/001637.152:ERROR:process_reader_win.cc(123)] NtOpenThread: {Acceso denegado} Un proceso ha solicitado acceso a un objeto, pero no se le han concedido esos derechos de acceso. (0xc0000022)
[0123/001637.152:ERROR:exception_snapshot_win.cc(99)] thread ID 27800 not found in process
[0123/002220.701:ERROR:process_reader_win.cc(123)] NtOpenThread: {Acceso denegado} Un proceso ha solicitado acceso a un objeto, pero no se le han concedido esos derechos de acceso. (0xc0000022)
[0123/002220.701:ERROR:process_reader_win.cc(123)] NtOpenThread: {Acceso denegado} Un proceso ha solicitado acceso a un objeto, pero no se le han concedido esos derechos de acceso. (0xc0000022)
[0123/002220.914:ERROR:exception_snapshot_win.cc(99)] thread ID 7476 not found in process
[0123/002220.701:ERROR:process_reader_win.cc(123)] NtOpenThread: {Acceso denegado} Un proceso ha solicitado acceso a un objeto, pero no se le han concedido esos derechos de acceso. (0xc0000022)
[0123/002220.914:ERROR:exception_snapshot_win.cc(99)] thread ID 29112 not found in process
[0123/002220.915:ERROR:exception_snapshot_win.cc(99)] thread ID 17780 not found in process
[0123/002221.358:ERROR:process_reader_win.cc(123)] NtOpenThread: {Acceso denegado} Un proceso ha solicitado acceso a un objeto, pero no se le han concedido esos derechos de acceso. (0xc0000022)
[0123/002221.358:ERROR:process_reader_win.cc(123)] NtOpenThread: {Acceso denegado} Un proceso ha solicitado acceso a un objeto, pero no se le han concedido esos derechos de acceso. (0xc0000022)
[0123/002221.358:ERROR:process_reader_win.cc(123)] NtOpenThread: {Acceso denegado} Un proceso ha solicitado acceso a un objeto, pero no se le han concedido esos derechos de acceso. (0xc0000022)
[0123/002221.358:ERROR:exception_snapshot_win.cc(99)] thread ID 25832 not found in process
[0123/002221.358:ERROR:exception_snapshot_win.cc(99)] thread ID 18132 not found in process
[0123/002221.358:ERROR:exception_snapshot_win.cc(99)] thread ID 18280 not found in process
[0123/002431.001:ERROR:process_reader_win.cc(151)] SuspendThread: Acceso denegado. (0x5)
[0123/002431.005:ERROR:process_reader_win.cc(123)] NtOpenThread: {Acceso denegado} Un proceso ha solicitado acceso a un objeto, pero no se le han concedido esos derechos de acceso. (0xc0000022)
[0123/002431.007:ERROR:exception_snapshot_win.cc(99)] thread ID 20660 not found in process
[0123/002431.035:ERROR:process_reader_win.cc(123)] NtOpenThread: {Acceso denegado} Un proceso ha solicitado acceso a un objeto, pero no se le han concedido esos derechos de acceso. (0xc0000022)
[0123/002431.035:ERROR:exception_snapshot_win.cc(99)] thread ID 14460 not found in process
[0123/002431.079:ERROR:process_reader_win.cc(123)] NtOpenThread: {Acceso denegado} Un proceso ha solicitado acceso a un objeto, pero no se le han concedido esos derechos de acceso. (0xc0000022)
[0123/002431.080:ERROR:exception_snapshot_win.cc(99)] thread ID 3876 not found in process
[0123/002503.057:ERROR:process_reader_win.cc(151)] SuspendThread: Acceso denegado. (0x5)
[0123/002503.058:ERROR:process_reader_win.cc(123)] NtOpenThread: {Acceso denegado} Un proceso ha solicitado acceso a un objeto, pero no se le han concedido esos derechos de acceso. (0xc0000022)
[0123/002503.059:ERROR:exception_snapshot_win.cc(99)] thread ID 24132 not found in process
[0123/002503.064:ERROR:process_reader_win.cc(123)] NtOpenThread: {Acceso denegado} Un proceso ha solicitado acceso a un objeto, pero no se le han concedido esos derechos de acceso. (0xc0000022)
[0123/002503.065:ERROR:exception_snapshot_win.cc(99)] thread ID 6896 not found in process
[0123/002503.122:ERROR:process_reader_win.cc(123)] NtOpenThread: {Acceso denegado} Un proceso ha solicitado acceso a un objeto, pero no se le han concedido esos derechos de acceso. (0xc0000022)
[0123/002503.123:ERROR:exception_snapshot_win.cc(99)] thread ID 6848 not found in process
[0123/002503.812:ERROR:process_reader_win.cc(123)] NtOpenThread: {Acceso denegado} Un proceso ha solicitado acceso a un objeto, pero no se le han concedido esos derechos de acceso. (0xc0000022)
[0123/002503.812:ERROR:exception_snapshot_win.cc(99)] thread ID 21480 not found in process
[0123/002730.212:ERROR:process_reader_win.cc(123)] NtOpenThread: {Acceso denegado} Un proceso ha solicitado acceso a un objeto, pero no se le han concedido esos derechos de acceso. (0xc0000022)
[0123/002730.213:ERROR:exception_snapshot_win.cc(99)] thread ID 21100 not found in process
[0123/002730.246:ERROR:process_reader_win.cc(123)] NtOpenThread: {Acceso denegado} Un proceso ha solicitado acceso a un objeto, pero no se le han concedido esos derechos de acceso. (0xc0000022)
[0123/002730.247:ERROR:exception_snapshot_win.cc(99)] thread ID 31444 not found in process
[0123/002952.471:ERROR:process_reader_win.cc(123)] NtOpenThread: {Acceso denegado} Un proceso ha solicitado acceso a un objeto, pero no se le han concedido esos derechos de acceso. (0xc0000022)
[0123/002952.472:ERROR:exception_snapshot_win.cc(99)] thread ID 19472 not found in process
[0123/002952.532:ERROR:process_reader_win.cc(123)] NtOpenThread: {Acceso denegado} Un proceso ha solicitado acceso a un objeto, pero no se le han concedido esos derechos de acceso. (0xc0000022)
[0123/002952.533:ERROR:exception_snapshot_win.cc(99)] thread ID 9948 not found in process
[0123/003142.471:ERROR:process_reader_win.cc(151)] SuspendThread: Acceso denegado. (0x5)
[0123/003142.472:ERROR:process_reader_win.cc(123)] NtOpenThread: {Acceso denegado} Un proceso ha solicitado acceso a un objeto, pero no se le han concedido esos derechos de acceso. (0xc0000022)
[0123/003142.473:ERROR:exception_snapshot_win.cc(99)] thread ID 11344 not found in process
[0123/003142.507:ERROR:process_reader_win.cc(123)] NtOpenThread: {Acceso denegado} Un proceso ha solicitado acceso a un objeto, pero no se le han concedido esos derechos de acceso. (0xc0000022)
[0123/003142.508:ERROR:exception_snapshot_win.cc(99)] thread ID 3504 not found in process
[0123/003856.403:ERROR:process_reader_win.cc(151)] SuspendThread: Acceso denegado. (0x5)
[0123/003856.418:ERROR:process_reader_win.cc(151)] SuspendThread: Acceso denegado. (0x5)
[0123/003856.493:ERROR:process_reader_win.cc(123)] NtOpenThread: {Acceso denegado} Un proceso ha solicitado acceso a un objeto, pero no se le han concedido esos derechos de acceso. (0xc0000022)
[0123/003856.493:ERROR:process_reader_win.cc(123)] NtOpenThread: {Acceso denegado} Un proceso ha solicitado acceso a un objeto, pero no se le han concedido esos derechos de acceso. (0xc0000022)
[0123/003856.565:ERROR:exception_snapshot_win.cc(99)] thread ID 25832 not found in process
[0123/003856.565:ERROR:exception_snapshot_win.cc(99)] thread ID 4488 not found in process
[0123/003953.139:ERROR:process_reader_win.cc(123)] NtOpenThread: {Acceso denegado} Un proceso ha solicitado acceso a un objeto, pero no se le han concedido esos derechos de acceso. (0xc0000022)
[0123/003953.140:ERROR:exception_snapshot_win.cc(99)] thread ID 29472 not found in process
[0123/003953.173:ERROR:process_reader_win.cc(123)] NtOpenThread: {Acceso denegado} Un proceso ha solicitado acceso a un objeto, pero no se le han concedido esos derechos de acceso. (0xc0000022)
[0123/003953.174:ERROR:exception_snapshot_win.cc(99)] thread ID 22020 not found in process
[0123/004108.018:ERROR:process_reader_win.cc(151)] SuspendThread: Acceso denegado. (0x5)
[0123/004108.019:ERROR:process_reader_win.cc(123)] NtOpenThread: {Acceso denegado} Un proceso ha solicitado acceso a un objeto, pero no se le han concedido esos derechos de acceso. (0xc0000022)
[0123/004108.020:ERROR:exception_snapshot_win.cc(99)] thread ID 28036 not found in process
[0123/004108.048:ERROR:process_reader_win.cc(151)] SuspendThread: Acceso denegado. (0x5)
[0123/004108.049:ERROR:process_reader_win.cc(123)] NtOpenThread: {Acceso denegado} Un proceso ha solicitado acceso a un objeto, pero no se le han concedido esos derechos de acceso. (0xc0000022)
[0123/004108.049:ERROR:exception_snapshot_win.cc(99)] thread ID 19608 not found in process
[0123/012206.246:ERROR:directory_reader_win.cc(43)] FindFirstFile: El sistema no puede encontrar la ruta especificada. (0x3)
[0123/012302.288:ERROR:process_reader_win.cc(123)] NtOpenThread: {Acceso denegado} Un proceso ha solicitado acceso a un objeto, pero no se le han concedido esos derechos de acceso. (0xc0000022)
[0123/012302.507:ERROR:exception_snapshot_win.cc(99)] thread ID 13472 not found in process
[0123/012302.288:ERROR:process_reader_win.cc(123)] NtOpenThread: {Acceso denegado} Un proceso ha solicitado acceso a un objeto, pero no se le han concedido esos derechos de acceso. (0xc0000022)
[0123/012302.288:ERROR:process_reader_win.cc(123)] NtOpenThread: {Acceso denegado} Un proceso ha solicitado acceso a un objeto, pero no se le han concedido esos derechos de acceso. (0xc0000022)
[0123/012302.507:ERROR:exception_snapshot_win.cc(99)] thread ID 15844 not found in process
[0123/012302.507:ERROR:exception_snapshot_win.cc(99)] thread ID 28776 not found in process
[0123/012302.984:ERROR:process_reader_win.cc(123)] NtOpenThread: {Acceso denegado} Un proceso ha solicitado acceso a un objeto, pero no se le han concedido esos derechos de acceso. (0xc0000022)
[0123/012302.984:ERROR:process_reader_win.cc(123)] NtOpenThread: {Acceso denegado} Un proceso ha solicitado acceso a un objeto, pero no se le han concedido esos derechos de acceso. (0xc0000022)
[0123/012302.984:ERROR:exception_snapshot_win.cc(99)] thread ID 14796 not found in process
[0123/012302.984:ERROR:exception_snapshot_win.cc(99)] thread ID 26712 not found in process
[0123/012303.644:ERROR:process_reader_win.cc(123)] NtOpenThread: {Acceso denegado} Un proceso ha solicitado acceso a un objeto, pero no se le han concedido esos derechos de acceso. (0xc0000022)
[0123/012303.644:ERROR:exception_snapshot_win.cc(99)] thread ID 25180 not found in process
[0123/012410.214:ERROR:process_reader_win.cc(151)] SuspendThread: Acceso denegado. (0x5)
[0123/012410.215:ERROR:process_reader_win.cc(151)] SuspendThread: Acceso denegado. (0x5)
[0123/012410.215:ERROR:process_reader_win.cc(123)] NtOpenThread: {Acceso denegado} Un proceso ha solicitado acceso a un objeto, pero no se le han concedido esos derechos de acceso. (0xc0000022)
[0123/012410.215:ERROR:exception_snapshot_win.cc(99)] thread ID 30384 not found in process
[0123/012410.235:ERROR:process_reader_win.cc(151)] SuspendThread: Acceso denegado. (0x5)
[0123/012410.235:ERROR:process_reader_win.cc(151)] SuspendThread: Acceso denegado. (0x5)
[0123/012410.235:ERROR:process_reader_win.cc(151)] SuspendThread: Acceso denegado. (0x5)
[0123/012410.235:ERROR:process_reader_win.cc(123)] NtOpenThread: {Acceso denegado} Un proceso ha solicitado acceso a un objeto, pero no se le han concedido esos derechos de acceso. (0xc0000022)
[0123/012410.235:ERROR:exception_snapshot_win.cc(99)] thread ID 29944 not found in process
[0123/012617.333:ERROR:process_reader_win.cc(151)] SuspendThread: Acceso denegado. (0x5)
[0123/012617.347:ERROR:process_reader_win.cc(151)] SuspendThread: Acceso denegado. (0x5)
[0123/012617.367:ERROR:process_reader_win.cc(151)] SuspendThread: Acceso denegado. (0x5)
[0123/012617.372:ERROR:process_reader_win.cc(123)] NtOpenThread: {Acceso denegado} Un proceso ha solicitado acceso a un objeto, pero no se le han concedido esos derechos de acceso. (0xc0000022)
[0123/012617.372:ERROR:process_reader_win.cc(123)] NtOpenThread: {Acceso denegado} Un proceso ha solicitado acceso a un objeto, pero no se le han concedido esos derechos de acceso. (0xc0000022)
[0123/012617.372:ERROR:exception_snapshot_win.cc(99)] thread ID 18704 not found in process
[0123/012617.372:ERROR:process_reader_win.cc(123)] NtOpenThread: {Acceso denegado} Un proceso ha solicitado acceso a un objeto, pero no se le han concedido esos derechos de acceso. (0xc0000022)
[0123/012617.372:ERROR:exception_snapshot_win.cc(99)] thread ID 20708 not found in process
[0123/012617.372:ERROR:exception_snapshot_win.cc(99)] thread ID 28076 not found in process
[0123/012820.735:ERROR:process_reader_win.cc(123)] NtOpenThread: {Acceso denegado} Un proceso ha solicitado acceso a un objeto, pero no se le han concedido esos derechos de acceso. (0xc0000022)
[0123/012820.736:ERROR:exception_snapshot_win.cc(99)] thread ID 9208 not found in process
[0123/012820.746:ERROR:process_reader_win.cc(123)] NtOpenThread: {Acceso denegado} Un proceso ha solicitado acceso a un objeto, pero no se le han concedido esos derechos de acceso. (0xc0000022)
[0123/012820.747:ERROR:exception_snapshot_win.cc(99)] thread ID 27056 not found in process
[0123/012820.769:ERROR:process_reader_win.cc(123)] NtOpenThread: {Acceso denegado} Un proceso ha solicitado acceso a un objeto, pero no se le han concedido esos derechos de acceso. (0xc0000022)
[0123/012820.770:ERROR:exception_snapshot_win.cc(99)] thread ID 29052 not found in process
[0123/012839.624:ERROR:process_reader_win.cc(151)] SuspendThread: Acceso denegado. (0x5)
[0123/012839.626:ERROR:process_reader_win.cc(123)] NtOpenThread: {Acceso denegado} Un proceso ha solicitado acceso a un objeto, pero no se le han concedido esos derechos de acceso. (0xc0000022)
[0123/012839.627:ERROR:exception_snapshot_win.cc(99)] thread ID 28280 not found in process
[0123/012839.654:ERROR:process_reader_win.cc(151)] SuspendThread: Acceso denegado. (0x5)
[0123/012839.655:ERROR:process_reader_win.cc(123)] NtOpenThread: {Acceso denegado} Un proceso ha solicitado acceso a un objeto, pero no se le han concedido esos derechos de acceso. (0xc0000022)
[0123/012839.655:ERROR:exception_snapshot_win.cc(99)] thread ID 21604 not found in process
[0123/045523.743:ERROR:process_reader_win.cc(151)] SuspendThread: Acceso denegado. (0x5)
[0123/045523.788:ERROR:process_reader_win.cc(123)] NtOpenThread: {Acceso denegado} Un proceso ha solicitado acceso a un objeto, pero no se le han concedido esos derechos de acceso. (0xc0000022)
[0123/045523.781:ERROR:process_reader_win.cc(123)] NtOpenThread: {Acceso denegado} Un proceso ha solicitado acceso a un objeto, pero no se le han concedido esos derechos de acceso. (0xc0000022)
[0123/045523.742:ERROR:process_reader_win.cc(123)] NtOpenThread: {Acceso denegado} Un proceso ha solicitado acceso a un objeto, pero no se le han concedido esos derechos de acceso. (0xc0000022)
[0123/045523.799:ERROR:exception_snapshot_win.cc(99)] thread ID 18692 not found in process
[0123/045523.799:ERROR:exception_snapshot_win.cc(99)] thread ID 28872 not found in process
[0123/045523.799:ERROR:exception_snapshot_win.cc(99)] thread ID 23296 not found in process
[0123/052844.325:ERROR:directory_reader_win.cc(43)] FindFirstFile: El sistema no puede encontrar la ruta especificada. (0x3)
[0123/121454.786:ERROR:directory_reader_win.cc(43)] FindFirstFile: El sistema no puede encontrar la ruta especificada. (0x3)
[0123/163616.215:ERROR:process_reader_win.cc(123)] NtOpenThread: {Acceso denegado} Un proceso ha solicitado acceso a un objeto, pero no se le han concedido esos derechos de acceso. (0xc0000022)
[0123/163616.261:ERROR:exception_snapshot_win.cc(99)] thread ID 13316 not found in process
[0123/163616.239:ERROR:process_reader_win.cc(123)] NtOpenThread: {Acceso denegado} Un proceso ha solicitado acceso a un objeto, pero no se le han concedido esos derechos de acceso. (0xc0000022)
[0123/163616.261:ERROR:exception_snapshot_win.cc(99)] thread ID 25924 not found in process
